<?xml version="1.0" encoding="UTF-8"?>
<!-- Generated by org.testng.reporters.JUnitXMLReporter -->
<testsuite hostname="DESKTOP-V123S32" ignored="0" name="Test" tests="12" failures="1" timestamp="2020-05-15T15:58:07 IST" time="0.104" errors="0">
  <testcase name="register" time="0.009" classname="testcases.ValidateUserRegTest">
    <failure type="java.lang.AssertionError" message="The following asserts failed:
	expected [XYZA] but found [XYZ],
	Element not found did not expect to find [true] but found [false],
	Submit button was not there">
      <![CDATA[java.lang.AssertionError: The following asserts failed:
expected [XYZA] but found [XYZ],
Element not found did not expect to find [true] but found [false],
Submit button was not there
at testcases.ValidateUserRegTest.register(ValidateUserRegTest.java:20)
at java.util.ArrayList.forEach(Unknown Source)
... Removed 29 stack frames]]>
    </failure>
  </testcase> <!-- register -->
  <testcase name="loginTest" time="0.001" classname="testcases.LoginTest"/>
  <testcase name="logout" time="0.001" classname="testcases.LoginTest"/>
  <testcase name="createUser" time="0.001" classname="testcases.CreateUser"/>
  <testcase name="createUser" time="0.003" classname="testcases.CreateUser"/>
  <testcase name="createUser" time="0.001" classname="testcases.CreateUser"/>
  <testcase name="deleteUser" time="0.001" classname="testcases.CreateUser"/>
  <testcase name="deleteUser" time="0.001" classname="testcases.CreateUser"/>
  <testcase name="deleteUser" time="0.002" classname="testcases.CreateUser"/>
  <testcase name="search" time="0.001" classname="testcases.SearchAndPurchasePhoneTest"/>
  <testcase name="selectPhone" time="0.002" classname="testcases.SearchAndPurchasePhoneTest"/>
  <testcase name="checkout" time="0.001" classname="testcases.SearchAndPurchasePhoneTest"/>
</testsuite> <!-- Test -->
